<?xml version="1.0" encoding="UTF-8"?>
<!-- Generated by org.testng.reporters.JUnitReportReporter -->
<testsuite skipped="0" hostname="CMLPT015" name="com.pkg.runner.GetMerit" tests="5" failures="0" timestamp="06 Jan 2020 10:33:47 GMT" time="17.118" errors="0">
  <testcase name="getSearchResult" time="3.158" classname="com.pkg.runner.GetMerit"/>
  <testcase name="getSearchResult" time="3.608" classname="com.pkg.runner.GetMerit"/>
  <testcase name="getSearchResult" time="3.256" classname="com.pkg.runner.GetMerit"/>
  <testcase name="getSearchResult" time="3.612" classname="com.pkg.runner.GetMerit"/>
  <testcase name="getSearchResult" time="3.484" classname="com.pkg.runner.GetMerit"/>
</testsuite> <!-- com.pkg.runner.GetMerit -->
