<?xml version="1.0" encoding="UTF-8"?>
<!-- Generated by org.testng.reporters.JUnitReportReporter -->
<testsuite hostname="CMLPT015" failures="0" tests="5" name="com.pkg.runner.GetMerit" time="27.077" errors="0" timestamp="08 Jan 2020 09:56:05 GMT" skipped="0">
  <testcase classname="com.pkg.runner.GetMerit" name="getSearchResult" time="4.927"/>
  <testcase classname="com.pkg.runner.GetMerit" name="getSearchResult" time="6.390"/>
  <testcase classname="com.pkg.runner.GetMerit" name="getSearchResult" time="5.486"/>
  <testcase classname="com.pkg.runner.GetMerit" name="getSearchResult" time="4.793"/>
  <testcase classname="com.pkg.runner.GetMerit" name="getSearchResult" time="5.481"/>
</testsuite> <!-- com.pkg.runner.GetMerit -->
