<?xml version="1.0" encoding="UTF-8"?>
<!-- Generated by org.testng.reporters.JUnitReportReporter -->
<testsuite hostname="CMLPT015" failures="0" tests="5" name="com.pkg.runner.GetMerit" time="18.700" errors="0" timestamp="06 Jan 2020 10:52:25 GMT" skipped="0">
  <testcase classname="com.pkg.runner.GetMerit" name="getSearchResult" time="4.302"/>
  <testcase classname="com.pkg.runner.GetMerit" name="getSearchResult" time="3.728"/>
  <testcase classname="com.pkg.runner.GetMerit" name="getSearchResult" time="3.474"/>
  <testcase classname="com.pkg.runner.GetMerit" name="getSearchResult" time="3.523"/>
  <testcase classname="com.pkg.runner.GetMerit" name="getSearchResult" time="3.673"/>
</testsuite> <!-- com.pkg.runner.GetMerit -->
