<?xml version="1.0" encoding="UTF-8"?>
<!-- Generated by org.testng.reporters.JUnitReportReporter -->
<testsuite skipped="0" hostname="CMLPT015" name="com.pkg.runner.GetMerit" tests="5" failures="0" timestamp="16 Jun 2019 01:39:03 GMT" time="18.774" errors="0">
  <testcase name="getSearchResult" time="3.836" classname="com.pkg.runner.GetMerit"/>
  <testcase name="getSearchResult" time="3.661" classname="com.pkg.runner.GetMerit"/>
  <testcase name="getSearchResult" time="3.651" classname="com.pkg.runner.GetMerit"/>
  <testcase name="getSearchResult" time="3.559" classname="com.pkg.runner.GetMerit"/>
  <testcase name="getSearchResult" time="4.067" classname="com.pkg.runner.GetMerit"/>
</testsuite> <!-- com.pkg.runner.GetMerit -->
